<?xml version="1.0" encoding="UTF-8"?>
<testng-results skipped="0" failed="0" ignored="0" total="3" passed="3">
  <reporter-output>
  </reporter-output>
  <suite name="Suite" duration-ms="92288" started-at="2017-09-01T03:14:48Z" finished-at="2017-09-01T03:16:20Z">
    <groups>
    </groups>
    <test name="Test" duration-ms="92288" started-at="2017-09-01T03:14:48Z" finished-at="2017-09-01T03:16:20Z">
      <class name="com.gmail.test">
        <test-method status="PASS" signature="login()[pri:0, instance:com.gmail.test@71423665]" name="login" is-config="true" duration-ms="9758" started-at="2017-08-31T20:14:48Z" finished-at="2017-08-31T20:14:58Z">
          <reporter-output>
          </reporter-output>
        </test-method> <!-- login -->
        <test-method status="PASS" signature="method(java.lang.String, java.lang.String)[pri:0, instance:com.gmail.test@71423665]" name="method" duration-ms="14256" started-at="2017-08-31T20:14:58Z" data-provider="getData" finished-at="2017-08-31T20:15:12Z">
          <params>
            <param index="0">
              <value>
                <![CDATA[vkverygood@gmail.com]]>
              </value>
            </param>
            <param index="1">
              <value>
                <![CDATA[BadguY@18]]>
              </value>
            </param>
          </params>
          <reporter-output>
          </reporter-output>
        </test-method> <!-- method -->
        <test-method status="PASS" signature="teardown()[pri:0, instance:com.gmail.test@71423665]" name="teardown" is-config="true" duration-ms="5485" started-at="2017-08-31T20:15:12Z" finished-at="2017-08-31T20:15:18Z">
          <reporter-output>
          </reporter-output>
        </test-method> <!-- teardown -->
        <test-method status="PASS" signature="login()[pri:0, instance:com.gmail.test@71423665]" name="login" is-config="true" duration-ms="9741" started-at="2017-08-31T20:15:18Z" finished-at="2017-08-31T20:15:27Z">
          <reporter-output>
          </reporter-output>
        </test-method> <!-- login -->
        <test-method status="PASS" signature="method(java.lang.String, java.lang.String)[pri:0, instance:com.gmail.test@71423665]" name="method" duration-ms="14460" started-at="2017-08-31T20:15:27Z" data-provider="getData" finished-at="2017-08-31T20:15:42Z">
          <params>
            <param index="0">
              <value>
                <![CDATA[vkverygood@gmail.com]]>
              </value>
            </param>
            <param index="1">
              <value>
                <![CDATA[BadguY@18]]>
              </value>
            </param>
          </params>
          <reporter-output>
          </reporter-output>
        </test-method> <!-- method -->
        <test-method status="PASS" signature="teardown()[pri:0, instance:com.gmail.test@71423665]" name="teardown" is-config="true" duration-ms="5521" started-at="2017-08-31T20:15:42Z" finished-at="2017-08-31T20:15:47Z">
          <reporter-output>
          </reporter-output>
        </test-method> <!-- teardown -->
        <test-method status="PASS" signature="login()[pri:0, instance:com.gmail.test@71423665]" name="login" is-config="true" duration-ms="12291" started-at="2017-08-31T20:15:47Z" finished-at="2017-08-31T20:16:00Z">
          <reporter-output>
          </reporter-output>
        </test-method> <!-- login -->
        <test-method status="PASS" signature="method(java.lang.String, java.lang.String)[pri:0, instance:com.gmail.test@71423665]" name="method" duration-ms="15205" started-at="2017-08-31T20:16:00Z" data-provider="getData" finished-at="2017-08-31T20:16:15Z">
          <params>
            <param index="0">
              <value>
                <![CDATA[vkverygood@gmail.com]]>
              </value>
            </param>
            <param index="1">
              <value>
                <![CDATA[BadguY@18]]>
              </value>
            </param>
          </params>
          <reporter-output>
          </reporter-output>
        </test-method> <!-- method -->
        <test-method status="PASS" signature="teardown()[pri:0, instance:com.gmail.test@71423665]" name="teardown" is-config="true" duration-ms="5537" started-at="2017-08-31T20:16:15Z" finished-at="2017-08-31T20:16:20Z">
          <reporter-output>
          </reporter-output>
        </test-method> <!-- teardown -->
      </class> <!-- com.gmail.test -->
    </test> <!-- Test -->
  </suite> <!-- Suite -->
</testng-results>
